<?xml version="1.0" encoding="UTF-8"?>
<!-- Generated by org.testng.reporters.JUnitXMLReporter -->
<testsuite hostname="WIN-NFDCINOH1RK" name="Test" tests="3" failures="0" timestamp="6 Feb 2020 06:49:26 GMT" time="0.047" errors="0">
  <testcase name="primeMembership" time="0.015" classname="Test123.Test123.hdc2PARAMETERSDemo"/>
  <testcase name="renewal" time="0.0" classname="Test123.Test123.hdc2PARAMETERSDemo"/>
  <testcase name="termination" time="0.016" classname="Test123.Test123.hdc2PARAMETERSDemo"/>
</testsuite> <!-- Test -->
