<?xml version="1.0" encoding="UTF-8"?>
<!-- Generated by org.testng.reporters.JUnitXMLReporter -->
<testsuite hostname="WIN-NFDCINOH1RK" name="Default test" tests="3" failures="0" timestamp="11 Feb 2020 07:17:37 GMT" time="23.486" errors="0">
  <testcase name="testLogin" time="8.787" classname="Test123.Test123.Casestudyday1"/>
  <testcase name="testCart" time="2.827" classname="Test123.Test123.Casestudyday1"/>
  <testcase name="testPayment" time="11.255" classname="Test123.Test123.Casestudyday1"/>
</testsuite> <!-- Default test -->
